[Tue Nov 12 18:56:51 2024] Custom_MVC.INFO: Successfully executet App\Controller\TestController::multi() for route /multiply/{num1}/{num2}
[Tue Nov 12 18:57:37 2024] Custom_MVC.INFO: Successfully executet App\Controller\TestController::multi() for route /multiply/{num1}/{num2?}
[Tue Nov 12 18:57:44 2024] Custom_MVC.INFO: Successfully executet App\Controller\TestController::multi() for route /multiply/{num1}/{num2?}
[Tue Nov 12 18:57:52 2024] Custom_MVC.INFO: Successfully executet App\Controller\TestController::multi() for route /multiply/{num1}/{num2?}
[Tue Nov 12 18:57:59 2024] Custom_MVC.INFO: Successfully executet App\Controller\TestController::multi() for route /multiply/{num1}/{num2?}
[Tue Nov 12 18:58:08 2024] Custom_MVC.INFO: Successfully executet App\Controller\TestController::multi() for route /multiply/{num1}/{num2?}
[Tue Nov 12 18:58:28 2024] Custom_MVC.INFO: Successfully executet App\Controller\TestController::multi() for route /multiply/{num1}/{num2?}
[Tue Nov 12 18:58:34 2024] Custom_MVC.INFO: Successfully executet App\Controller\TestController::multi() for route /multiply/{num1}/{num2?}
[Tue Nov 12 18:58:39 2024] Custom_MVC.INFO: Successfully executet App\Controller\TestController::multi() for route /multiply/{num1}/{num2?}
[Tue Nov 12 18:58:54 2024] Custom_MVC.INFO: Successfully executet App\Controller\TestController::multi() for route /multiply/{num1}/{num2?}
[Wed Nov 13 01:05:19 2024] Custom_MVC.INFO: Successfully executet App\Controller\TestController::testingJson() for route /json
[Wed Nov 13 01:06:50 2024] Custom_MVC.INFO: Successfully executet App\Controller\TestController::testingJson() for route /json
[Wed Nov 13 01:09:45 2024] Custom_MVC.INFO: Successfully executet App\Controller\TestController::testingRender() for route /render
[Wed Nov 13 01:13:25 2024] Custom_MVC.INFO: Successfully executet App\Controller\TestController::testingRedirect() for route /redirect
[Wed Nov 13 01:13:25 2024] Custom_MVC.INFO: Successfully executet App\Controller\TestController::testingRender() for route /render
[Wed Nov 13 01:20:46 2024] Custom_MVC.INFO: Successfully executet App\Controller\NewController::Url() for route /zari
[Wed Nov 13 01:21:07 2024] Custom_MVC.INFO: Successfully executet App\Controller\NewController::Url() for route /zari
[Wed Nov 13 01:21:54 2024] Custom_MVC.INFO: Successfully executet App\Controller\NewController::Url() for route /zari
[Wed Nov 13 01:21:54 2024] Custom_MVC.INFO: Successfully executet App\Controller\NewController::test() for route /aaa/{id}
[Wed Nov 13 01:22:05 2024] Custom_MVC.INFO: Successfully executet App\Controller\NewController::Url() for route /zari
[Wed Nov 13 01:22:05 2024] Custom_MVC.INFO: Successfully executet App\Controller\NewController::test() for route /aaa/{id}
[Wed Nov 13 01:22:36 2024] Custom_MVC.ERROR: Error 404: Not existing route /zari/1
[Wed Nov 13 01:22:38 2024] Custom_MVC.INFO: Successfully executet App\Controller\NewController::Url() for route /zari
[Wed Nov 13 02:02:24 2024] Custom_MVC.ERROR: Error 404: Not existing route /zari/12
[Wed Nov 13 02:02:32 2024] Custom_MVC.INFO: Successfully executet App\Controller\NewController::Url() for route /zari
[Wed Nov 13 02:02:32 2024] Custom_MVC.INFO: Successfully executet App\Controller\NewController::test() for route /aaa/{id}
[Wed Nov 13 02:04:57 2024] Custom_MVC.INFO: Successfully executet App\Controller\NewController::Url() for route /zari
[Wed Nov 13 02:04:57 2024] Custom_MVC.INFO: Successfully executet App\Controller\NewController::test() for route /aaa/{id}
[Wed Nov 13 02:06:18 2024] Custom_MVC.INFO: Successfully executet App\Controller\NewController::Url() for route /zari
[Wed Nov 13 02:06:18 2024] Custom_MVC.INFO: Successfully executet App\Controller\NewController::test() for route /aaa/{id}
[Wed Nov 13 02:06:53 2024] Custom_MVC.INFO: Successfully executet App\Controller\NewController::Url() for route /zari
[Wed Nov 13 02:07:00 2024] Custom_MVC.INFO: Successfully executet App\Controller\NewController::Url() for route /zari
[Wed Nov 13 02:07:19 2024] Custom_MVC.INFO: Successfully executet App\Controller\NewController::Url() for route /zari
[Wed Nov 13 02:07:36 2024] Custom_MVC.INFO: Successfully executet App\Controller\NewController::Url() for route /zari
[Wed Nov 13 02:07:47 2024] Custom_MVC.INFO: Successfully executet App\Controller\NewController::Url() for route /zari
[Wed Nov 13 02:16:34 2024] Custom_MVC.INFO: Successfully executet App\Controller\NewController::Url() for route /zari
[Wed Nov 13 02:16:34 2024] Custom_MVC.INFO: Successfully executet App\Controller\NewController::test() for route /aaa/{id}
[Wed Nov 13 02:20:57 2024] Custom_MVC.INFO: Successfully executet App\Controller\NewController::Url() for route /zari
[Wed Nov 13 02:20:57 2024] Custom_MVC.INFO: Successfully executet App\Controller\NewController::test() for route /aaa/{id}
[Wed Nov 13 02:21:05 2024] Custom_MVC.INFO: Successfully executet App\Controller\NewController::Url() for route /zari
[Wed Nov 13 02:21:05 2024] Custom_MVC.INFO: Successfully executet App\Controller\NewController::test() for route /aaa/{id}
[Wed Nov 13 15:17:46 2024] Custom_MVC.INFO: Successfully executet App\Controller\NewController::DBTest() for route /db
